<?xml version="1.0" encoding="UTF-8"?>
<!-- Generated by org.testng.reporters.JUnitReportReporter -->
<testsuite hostname="DESKTOP-3KF64LG" failures="0" tests="1" name="Testng.Fileupload" time="15.130" errors="0" timestamp="2024-07-23T13:23:12 IST" skipped="0">
  <testcase classname="Testng.Fileupload" name="test" time="15.130"/>
  <system-out/>
</testsuite> <!-- Testng.Fileupload -->
