<?xml version="1.0" encoding="UTF-8"?>
<!-- Generated by org.testng.reporters.JUnitReportReporter -->
<testsuite hostname="DESKTOP-3KF64LG" failures="0" tests="1" name="Testng.Gurudemosite" time="4.146" errors="0" timestamp="2024-07-22T17:53:47 IST" skipped="0">
  <testcase classname="Testng.Gurudemosite" name="test" time="4.146"/>
  <system-out/>
</testsuite> <!-- Testng.Gurudemosite -->
