<?xml version="1.0" encoding="UTF-8"?>
<!-- Generated by org.testng.reporters.JUnitReportReporter -->
<testsuite hostname="DESKTOP-3KF64LG" failures="0" tests="1" name="Testng.Herbalassignment" time="51.624" errors="0" timestamp="2024-08-04T16:51:20 IST" skipped="0">
  <testcase classname="Testng.Herbalassignment" name="test" time="51.624"/>
  <system-out/>
</testsuite> <!-- Testng.Herbalassignment -->
