<?xml version="1.0" encoding="UTF-8"?>
<!-- Generated by org.testng.reporters.JUnitReportReporter -->
<testsuite hostname="DESKTOP-3KF64LG" failures="0" tests="1" name="Testng.Actionclass" time="3.130" errors="0" timestamp="2024-07-22T12:07:58 IST" skipped="0">
  <testcase classname="Testng.Actionclass" name="test" time="3.130"/>
  <system-out/>
</testsuite> <!-- Testng.Actionclass -->
