<?xml version="1.0" encoding="UTF-8"?>
<!-- Generated by org.testng.reporters.JUnitReportReporter -->
<testsuite hostname="DESKTOP-3KF64LG" failures="0" tests="1" name="Testng.Notificationclose" time="2.065" errors="0" timestamp="2024-07-26T18:02:25 IST" skipped="0">
  <testcase classname="Testng.Notificationclose" name="test" time="2.065"/>
  <system-out/>
</testsuite> <!-- Testng.Notificationclose -->
