<?xml version="1.0" encoding="UTF-8"?>
<!-- Generated by org.testng.reporters.JUnitReportReporter -->
<testsuite hostname="DESKTOP-3KF64LG" failures="0" tests="1" name="Testng.Facebookdropdown" time="2.441" errors="0" timestamp="2024-07-18T13:32:32 IST" skipped="0">
  <testcase classname="Testng.Facebookdropdown" name="test" time="2.441"/>
  <system-out/>
</testsuite> <!-- Testng.Facebookdropdown -->
