<?xml version="1.0" encoding="UTF-8"?>
<!-- Generated by org.testng.reporters.JUnitReportReporter -->
<testsuite hostname="DESKTOP-3KF64LG" failures="0" tests="3" name="Testng.Demo" time="0.007" errors="0" timestamp="2024-07-19T11:24:06 IST" skipped="0">
  <testcase classname="Testng.Demo" name="test2" time="0.001"/>
  <system-out/>
  <testcase classname="Testng.Demo" name="test1" time="0.005"/>
  <system-out/>
  <testcase classname="Testng.Demo" name="test3" time="0.001"/>
  <system-out/>
</testsuite> <!-- Testng.Demo -->
