<?xml version="1.0" encoding="UTF-8"?>
<!-- Generated by org.testng.reporters.JUnitReportReporter -->
<testsuite hostname="DESKTOP-3KF64LG" failures="0" tests="1" name="Testng.Actionsdropanddrag" time="24.800" errors="0" timestamp="2024-07-22T12:53:09 IST" skipped="0">
  <testcase classname="Testng.Actionsdropanddrag" name="test" time="24.800"/>
  <system-out/>
</testsuite> <!-- Testng.Actionsdropanddrag -->
