<?xml version="1.0" encoding="UTF-8"?>
<!-- Generated by org.testng.reporters.JUnitReportReporter -->
<testsuite hostname="DESKTOP-3KF64LG" failures="0" tests="3" name="Testng.Crossbrowsertesting" time="3.534" errors="0" timestamp="2024-07-21T18:52:38 IST" skipped="0">
  <testcase classname="Testng.Crossbrowsertesting" name="fb" time="0.716"/>
  <system-out/>
  <testcase classname="Testng.Crossbrowsertesting" name="fb" time="1.730"/>
  <system-out/>
  <testcase classname="Testng.Crossbrowsertesting" name="fb" time="1.088"/>
  <system-out/>
</testsuite> <!-- Testng.Crossbrowsertesting -->
