<?xml version="1.0" encoding="UTF-8"?>
<!-- Generated by org.testng.reporters.JUnitReportReporter -->
<testsuite hostname="DESKTOP-3KF64LG" failures="0" tests="1" name="Testng.Scrolldown" time="7.762" errors="0" timestamp="2024-08-03T21:13:01 IST" skipped="0">
  <testcase classname="Testng.Scrolldown" name="test" time="7.762"/>
  <system-out/>
</testsuite> <!-- Testng.Scrolldown -->
