<?xml version="1.0" encoding="UTF-8"?>
<!-- Generated by org.testng.reporters.JUnitReportReporter -->
<testsuite hostname="DESKTOP-3KF64LG" failures="0" tests="1" name="Testng.Ebaysieactions" time="33.609" errors="0" timestamp="2024-07-23T17:44:45 IST" skipped="0">
  <testcase classname="Testng.Ebaysieactions" name="test" time="33.609"/>
  <system-out/>
</testsuite> <!-- Testng.Ebaysieactions -->
