<?xml version="1.0" encoding="UTF-8"?>
<!-- Generated by org.testng.reporters.JUnitReportReporter -->
<testsuite hostname="DESKTOP-3KF64LG" failures="0" tests="1" name="Testng.Datadriventesting" time="27.142" errors="0" timestamp="2024-07-25T20:02:31 IST" skipped="0">
  <testcase classname="Testng.Datadriventesting" name="test" time="27.142"/>
  <system-out/>
</testsuite> <!-- Testng.Datadriventesting -->
