<?xml version="1.0" encoding="UTF-8"?>
<!-- Generated by org.testng.reporters.JUnitReportReporter -->
<testsuite hostname="DESKTOP-3KF64LG" failures="0" tests="1" name="Testng.Windowhandling" time="9.002" errors="0" timestamp="2024-08-03T16:41:10 IST" skipped="0">
  <testcase classname="Testng.Windowhandling" name="test" time="9.002"/>
  <system-out/>
</testsuite> <!-- Testng.Windowhandling -->
