<?xml version="1.0" encoding="UTF-8"?>
<!-- Generated by org.testng.reporters.JUnitReportReporter -->
<testsuite hostname="DESKTOP-3KF64LG" failures="0" tests="1" name="Testng.Parameterdemo" time="0.006" errors="0" timestamp="2024-07-19T12:59:14 IST" skipped="0">
  <testcase classname="Testng.Parameterdemo" name="main" time="0.006"/>
  <system-out/>
</testsuite> <!-- Testng.Parameterdemo -->
