<?xml version="1.0" encoding="UTF-8"?>
<!-- Generated by org.testng.reporters.JUnitReportReporter -->
<testsuite hostname="DESKTOP-3KF64LG" failures="0" tests="2" name="Test.Blazetest" time="4.083" errors="0" timestamp="2024-08-04T17:00:42 IST" skipped="0">
  <testcase classname="Test.Blazetest" name="register" time="1.378"/>
  <system-out/>
  <testcase classname="Test.Blazetest" name="login" time="2.705"/>
  <system-out/>
</testsuite> <!-- Test.Blazetest -->
