<?xml version="1.0" encoding="UTF-8"?>
<!-- Generated by org.testng.reporters.JUnitReportReporter -->
<testsuite hostname="DESKTOP-3KF64LG" failures="0" tests="3" name="Testng.Testnggrouping" time="0.017" errors="0" timestamp="2024-07-19T12:43:07 IST" skipped="0">
  <testcase classname="Testng.Testnggrouping" name="main1" time="0.010"/>
  <system-out/>
  <testcase classname="Testng.Testnggrouping" name="main4" time="0.003"/>
  <system-out/>
  <testcase classname="Testng.Testnggrouping" name="main2" time="0.004"/>
  <system-out/>
</testsuite> <!-- Testng.Testnggrouping -->
