<?xml version="1.0" encoding="UTF-8"?>
<!-- Generated by org.testng.reporters.JUnitReportReporter -->
<testsuite hostname="DESKTOP-3KF64LG" failures="0" tests="1" name="Test.fblogintest1" time="7.242" errors="0" timestamp="2024-07-27T13:10:50 IST" skipped="0">
  <testcase classname="Test.fblogintest1" name="testlogin" time="7.242"/>
  <system-out/>
</testsuite> <!-- Test.fblogintest1 -->
