<?xml version="1.0" encoding="UTF-8"?>
<!-- Generated by org.testng.reporters.JUnitReportReporter -->
<testsuite hostname="DESKTOP-3KF64LG" failures="0" tests="1" name="Testng.Assignmentamazon" time="13.763" errors="0" timestamp="2024-08-04T16:37:43 IST" skipped="0">
  <testcase classname="Testng.Assignmentamazon" name="test" time="13.763"/>
  <system-out/>
</testsuite> <!-- Testng.Assignmentamazon -->
