<?xml version="1.0" encoding="UTF-8"?>
<!-- Generated by org.testng.reporters.JUnitReportReporter -->
<testsuite hostname="DESKTOP-3KF64LG" failures="0" tests="4" name="Testng.Demopgm" time="0.016" errors="0" timestamp="2024-07-18T12:49:33 IST" skipped="1">
  <testcase classname="Testng.Demopgm" name="test3" time="0.002"/>
  <system-out/>
  <testcase classname="Testng.Demopgm" name="test2" time="0.006"/>
  <system-out/>
  <testcase classname="Testng.Demopgm" name="test2" time="0.008"/>
  <system-out/>
  <testcase classname="Testng.Demopgm" name="test1">
    <skipped/>
  </testcase> <!-- test1 -->
  <system-out/>
</testsuite> <!-- Testng.Demopgm -->
