<?xml version="1.0" encoding="UTF-8"?>
<!-- Generated by org.testng.reporters.JUnitReportReporter -->
<testsuite hostname="DESKTOP-3KF64LG" failures="0" tests="1" name="Testng.Demoqasitedropanddrag" time="10.916" errors="0" timestamp="2024-07-22T12:30:01 IST" skipped="0">
  <testcase classname="Testng.Demoqasitedropanddrag" name="test" time="10.916"/>
  <system-out/>
</testsuite> <!-- Testng.Demoqasitedropanddrag -->
