<?xml version="1.0" encoding="UTF-8"?>
<!-- Generated by org.testng.reporters.JUnitReportReporter -->
<testsuite hostname="DESKTOP-3KF64LG" failures="0" tests="1" name="Test.Fblogintest" time="3.691" errors="0" timestamp="2024-07-27T12:39:14 IST" skipped="0">
  <testcase classname="Test.Fblogintest" name="testlogin" time="3.691"/>
  <system-out/>
</testsuite> <!-- Test.Fblogintest -->
